# JRE version: Java(TM) SE Runtime Environment (8.0_111-b14) (build 1.8.0_111-b14)
# Java VM: Java HotSpot(TM) 64-Bit Server VM (25.111-b14 mixed mode windows-amd64 compressed oops)
Heap:
 PSYoungGen      total 48128K, used 14301K [0x00000000ece00000, 0x00000000efd80000, 0x0000000100000000)
  eden space 47616K, 29% used [0x00000000ece00000,0x00000000edbdf468,0x00000000efc80000)
  from space 512K, 18% used [0x00000000efc80000,0x00000000efc98000,0x00000000efd00000)
  to   space 512K, 0% used [0x00000000efd00000,0x00000000efd00000,0x00000000efd80000)
 ParOldGen       total 35328K, used 13107K [0x00000000c6a00000, 0x00000000c8c80000, 0x00000000ece00000)
  object space 35328K, 37% used [0x00000000c6a00000,0x00000000c76cce20,0x00000000c8c80000)
 Metaspace       used 20274K, capacity 20442K, committed 20736K, reserved 1067008K
  class space    used 2472K, capacity 2553K, committed 2560K, reserved 1048576K
GC Heap History (10 events):
Event: 81.735 GC heap before
{Heap before GC invocations=452 (full 0):
 PSYoungGen      total 23040K, used 22592K [0x00000000ece00000, 0x00000000efd80000, 0x0000000100000000)
  eden space 22528K, 100% used [0x00000000ece00000,0x00000000ee400000,0x00000000ee400000)
  from space 512K, 12% used [0x00000000efc80000,0x00000000efc90000,0x00000000efd00000)
  to   space 512K, 0% used [0x00000000efd00000,0x00000000efd00000,0x00000000efd80000)
 ParOldGen       total 39936K, used 18976K [0x00000000c6a00000, 0x00000000c9100000, 0x00000000ece00000)
  object space 39936K, 47% used [0x00000000c6a00000,0x00000000c7c88310,0x00000000c9100000)
 Metaspace       used 19555K, capacity 19738K, committed 20224K, reserved 1067008K
  class space    used 2425K, capacity 2489K, committed 2560K, reserved 1048576K
Event: 81.736 GC heap after
Heap after GC invocations=452 (full 0):
 PSYoungGen      total 27648K, used 64K [0x00000000ece00000, 0x00000000efd80000, 0x0000000100000000)
  eden space 27136K, 0% used [0x00000000ece00000,0x00000000ece00000,0x00000000ee880000)
  from space 512K, 12% used [0x00000000efd00000,0x00000000efd10000,0x00000000efd80000)
  to   space 512K, 0% used [0x00000000efc80000,0x00000000efc80000,0x00000000efd00000)
 ParOldGen       total 39936K, used 18992K [0x00000000c6a00000, 0x00000000c9100000, 0x00000000ece00000)
  object space 39936K, 47% used [0x00000000c6a00000,0x00000000c7c8c310,0x00000000c9100000)
 Metaspace       used 19555K, capacity 19738K, committed 20224K, reserved 1067008K
  class space    used 2425K, capacity 2489K, committed 2560K, reserved 1048576K
}
Event: 81.984 GC heap before
{Heap before GC invocations=453 (full 0):
 PSYoungGen      total 27648K, used 27200K [0x00000000ece00000, 0x00000000efd80000, 0x0000000100000000)
  eden space 27136K, 100% used [0x00000000ece00000,0x00000000ee880000,0x00000000ee880000)
  from space 512K, 12% used [0x00000000efd00000,0x00000000efd10000,0x00000000efd80000)
  to   space 512K, 0% used [0x00000000efc80000,0x00000000efc80000,0x00000000efd00000)
 ParOldGen       total 39936K, used 18992K [0x00000000c6a00000, 0x00000000c9100000, 0x00000000ece00000)
  object space 39936K, 47% used [0x00000000c6a00000,0x00000000c7c8c310,0x00000000c9100000)
 Metaspace       used 19968K, capacity 20154K, committed 20480K, reserved 1067008K
  class space    used 2459K, capacity 2521K, committed 2560K, reserved 1048576K
Event: 81.986 GC heap after
Heap after GC invocations=453 (full 0):
 PSYoungGen      total 33280K, used 268K [0x00000000ece00000, 0x00000000efd80000, 0x0000000100000000)
  eden space 32768K, 0% used [0x00000000ece00000,0x00000000ece00000,0x00000000eee00000)
  from space 512K, 52% used [0x00000000efc80000,0x00000000efcc3110,0x00000000efd00000)
  to   space 512K, 0% used [0x00000000efd00000,0x00000000efd00000,0x00000000efd80000)
 ParOldGen       total 39936K, used 19000K [0x00000000c6a00000, 0x00000000c9100000, 0x00000000ece00000)
  object space 39936K, 47% used [0x00000000c6a00000,0x00000000c7c8e310,0x00000000c9100000)
 Metaspace       used 19968K, capacity 20154K, committed 20480K, reserved 1067008K
  class space    used 2459K, capacity 2521K, committed 2560K, reserved 1048576K
}
Event: 82.216 GC heap before
{Heap before GC invocations=454 (full 0):
 PSYoungGen      total 33280K, used 33036K [0x00000000ece00000, 0x00000000efd80000, 0x0000000100000000)
  eden space 32768K, 100% used [0x00000000ece00000,0x00000000eee00000,0x00000000eee00000)
  from space 512K, 52% used [0x00000000efc80000,0x00000000efcc3110,0x00000000efd00000)
  to   space 512K, 0% used [0x00000000efd00000,0x00000000efd00000,0x00000000efd80000)
 ParOldGen       total 39936K, used 19000K [0x00000000c6a00000, 0x00000000c9100000, 0x00000000ece00000)
  object space 39936K, 47% used [0x00000000c6a00000,0x00000000c7c8e310,0x00000000c9100000)
 Metaspace       used 20164K, capacity 20378K, committed 20736K, reserved 1067008K
  class space    used 2470K, capacity 2553K, committed 2560K, reserved 1048576K
Event: 82.223 GC heap after
Heap after GC invocations=454 (full 0):
 PSYoungGen      total 39936K, used 128K [0x00000000ece00000, 0x00000000efd80000, 0x0000000100000000)
  eden space 39424K, 0% used [0x00000000ece00000,0x00000000ece00000,0x00000000ef480000)
  from space 512K, 25% used [0x00000000efd00000,0x00000000efd20000,0x00000000efd80000)
  to   space 512K, 0% used [0x00000000efc80000,0x00000000efc80000,0x00000000efd00000)
 ParOldGen       total 39936K, used 35525K [0x00000000c6a00000, 0x00000000c9100000, 0x00000000ece00000)
  object space 39936K, 88% used [0x00000000c6a00000,0x00000000c8cb1728,0x00000000c9100000)
 Metaspace       used 20164K, capacity 20378K, committed 20736K, reserved 1067008K
  class space    used 2470K, capacity 2553K, committed 2560K, reserved 1048576K
}
Event: 82.223 GC heap before
{Heap before GC invocations=455 (full 1):
 PSYoungGen      total 39936K, used 128K [0x00000000ece00000, 0x00000000efd80000, 0x0000000100000000)
  eden space 39424K, 0% used [0x00000000ece00000,0x00000000ece00000,0x00000000ef480000)
  from space 512K, 25% used [0x00000000efd00000,0x00000000efd20000,0x00000000efd80000)
  to   space 512K, 0% used [0x00000000efc80000,0x00000000efc80000,0x00000000efd00000)
 ParOldGen       total 39936K, used 35525K [0x00000000c6a00000, 0x00000000c9100000, 0x00000000ece00000)
  object space 39936K, 88% used [0x00000000c6a00000,0x00000000c8cb1728,0x00000000c9100000)
 Metaspace       used 20164K, capacity 20378K, committed 20736K, reserved 1067008K
  class space    used 2470K, capacity 2553K, committed 2560K, reserved 1048576K
Event: 82.260 GC heap after
Heap after GC invocations=455 (full 1):
 PSYoungGen      total 39936K, used 0K [0x00000000ece00000, 0x00000000efd80000, 0x0000000100000000)
  eden space 39424K, 0% used [0x00000000ece00000,0x00000000ece00000,0x00000000ef480000)
  from space 512K, 0% used [0x00000000efd00000,0x00000000efd00000,0x00000000efd80000)
  to   space 512K, 0% used [0x00000000efc80000,0x00000000efc80000,0x00000000efd00000)
 ParOldGen       total 35328K, used 13099K [0x00000000c6a00000, 0x00000000c8c80000, 0x00000000ece00000)
  object space 35328K, 37% used [0x00000000c6a00000,0x00000000c76cae20,0x00000000c8c80000)
 Metaspace       used 20164K, capacity 20378K, committed 20736K, reserved 1067008K
  class space    used 2470K, capacity 2553K, committed 2560K, reserved 1048576K
}
Event: 82.636 GC heap before
{Heap before GC invocations=456 (full 1):
 PSYoungGen      total 39936K, used 39424K [0x00000000ece00000, 0x00000000efd80000, 0x0000000100000000)
  eden space 39424K, 100% used [0x00000000ece00000,0x00000000ef480000,0x00000000ef480000)
  from space 512K, 0% used [0x00000000efd00000,0x00000000efd00000,0x00000000efd80000)
  to   space 512K, 0% used [0x00000000efc80000,0x00000000efc80000,0x00000000efd00000)
 ParOldGen       total 35328K, used 13099K [0x00000000c6a00000, 0x00000000c8c80000, 0x00000000ece00000)
  object space 35328K, 37% used [0x00000000c6a00000,0x00000000c76cae20,0x00000000c8c80000)
 Metaspace       used 20266K, capacity 20442K, committed 20736K, reserved 1067008K
  class space    used 2472K, capacity 2553K, committed 2560K, reserved 1048576K
Event: 82.637 GC heap after
Heap after GC invocations=456 (full 1):
 PSYoungGen      total 48128K, used 96K [0x00000000ece00000, 0x00000000efd80000, 0x0000000100000000)
  eden space 47616K, 0% used [0x00000000ece00000,0x00000000ece00000,0x00000000efc80000)
  from space 512K, 18% used [0x00000000efc80000,0x00000000efc98000,0x00000000efd00000)
  to   space 512K, 0% used [0x00000000efd00000,0x00000000efd00000,0x00000000efd80000)
 ParOldGen       total 35328K, used 13107K [0x00000000c6a00000, 0x00000000c8c80000, 0x00000000ece00000)
  object space 35328K, 37% used [0x00000000c6a00000,0x00000000c76cce20,0x00000000c8c80000)
 Metaspace       used 20266K, capacity 20442K, committed 20736K, reserved 1067008K
  class space    used 2472K, capacity 2553K, committed 2560K, reserved 1048576K
}

