# JRE version: Java(TM) SE Runtime Environment (8.0_111-b14) (build 1.8.0_111-b14)
# Java VM: Java HotSpot(TM) 64-Bit Server VM (25.111-b14 mixed mode windows-amd64 compressed oops)
Heap:
 PSYoungGen      total 17408K, used 7509K [0x00000000ece00000, 0x00000000ef000000, 0x0000000100000000)
  eden space 15360K, 35% used [0x00000000ece00000,0x00000000ed35b458,0x00000000edd00000)
  from space 2048K, 98% used [0x00000000edf00000,0x00000000ee0fa260,0x00000000ee100000)
  to   space 2048K, 0% used [0x00000000edd00000,0x00000000edd00000,0x00000000edf00000)
 ParOldGen       total 39936K, used 11908K [0x00000000c6a00000, 0x00000000c9100000, 0x00000000ece00000)
  object space 39936K, 29% used [0x00000000c6a00000,0x00000000c75a10f8,0x00000000c9100000)
 Metaspace       used 18210K, capacity 18452K, committed 18688K, reserved 1064960K
  class space    used 2214K, capacity 2286K, committed 2304K, reserved 1048576K
GC Heap History (8 events):
Event: 9.537 GC heap before
{Heap before GC invocations=1 (full 0):
 PSYoungGen      total 17408K, used 15348K [0x00000000ece00000, 0x00000000ee100000, 0x0000000100000000)
  eden space 15360K, 99% used [0x00000000ece00000,0x00000000edcfd350,0x00000000edd00000)
  from space 2048K, 0% used [0x00000000edf00000,0x00000000edf00000,0x00000000ee100000)
  to   space 2048K, 0% used [0x00000000edd00000,0x00000000edd00000,0x00000000edf00000)
 ParOldGen       total 39936K, used 0K [0x00000000c6a00000, 0x00000000c9100000, 0x00000000ece00000)
  object space 39936K, 0% used [0x00000000c6a00000,0x00000000c6a00000,0x00000000c9100000)
 Metaspace       used 14370K, capacity 14618K, committed 14720K, reserved 1062912K
  class space    used 1768K, capacity 1863K, committed 1920K, reserved 1048576K
Event: 9.544 GC heap after
Heap after GC invocations=1 (full 0):
 PSYoungGen      total 17408K, used 2018K [0x00000000ece00000, 0x00000000ee100000, 0x0000000100000000)
  eden space 15360K, 0% used [0x00000000ece00000,0x00000000ece00000,0x00000000edd00000)
  from space 2048K, 98% used [0x00000000edd00000,0x00000000edef8980,0x00000000edf00000)
  to   space 2048K, 0% used [0x00000000edf00000,0x00000000edf00000,0x00000000ee100000)
 ParOldGen       total 39936K, used 7298K [0x00000000c6a00000, 0x00000000c9100000, 0x00000000ece00000)
  object space 39936K, 18% used [0x00000000c6a00000,0x00000000c7120928,0x00000000c9100000)
 Metaspace       used 14370K, capacity 14618K, committed 14720K, reserved 1062912K
  class space    used 1768K, capacity 1863K, committed 1920K, reserved 1048576K
}
Event: 11.513 GC heap before
{Heap before GC invocations=2 (full 0):
 PSYoungGen      total 17408K, used 17378K [0x00000000ece00000, 0x00000000ee100000, 0x0000000100000000)
  eden space 15360K, 100% used [0x00000000ece00000,0x00000000edd00000,0x00000000edd00000)
  from space 2048K, 98% used [0x00000000edd00000,0x00000000edef8980,0x00000000edf00000)
  to   space 2048K, 0% used [0x00000000edf00000,0x00000000edf00000,0x00000000ee100000)
 ParOldGen       total 39936K, used 7298K [0x00000000c6a00000, 0x00000000c9100000, 0x00000000ece00000)
  object space 39936K, 18% used [0x00000000c6a00000,0x00000000c7120928,0x00000000c9100000)
 Metaspace       used 18089K, capacity 18324K, committed 18688K, reserved 1064960K
  class space    used 2214K, capacity 2286K, committed 2304K, reserved 1048576K
Event: 11.522 GC heap after
Heap after GC invocations=2 (full 0):
 PSYoungGen      total 17408K, used 2024K [0x00000000ece00000, 0x00000000ee100000, 0x0000000100000000)
  eden space 15360K, 0% used [0x00000000ece00000,0x00000000ece00000,0x00000000edd00000)
  from space 2048K, 98% used [0x00000000edf00000,0x00000000ee0fa260,0x00000000ee100000)
  to   space 2048K, 0% used [0x00000000edd00000,0x00000000edd00000,0x00000000edf00000)
 ParOldGen       total 39936K, used 11851K [0x00000000c6a00000, 0x00000000c9100000, 0x00000000ece00000)
  object space 39936K, 29% used [0x00000000c6a00000,0x00000000c7592ce8,0x00000000c9100000)
 Metaspace       used 18089K, capacity 18324K, committed 18688K, reserved 1064960K
  class space    used 2214K, capacity 2286K, committed 2304K, reserved 1048576K
}
Event: 11.686 GC heap before
{Heap before GC invocations=3 (full 0):
 PSYoungGen      total 17408K, used 17384K [0x00000000ece00000, 0x00000000ee100000, 0x0000000100000000)
  eden space 15360K, 100% used [0x00000000ece00000,0x00000000edd00000,0x00000000edd00000)
  from space 2048K, 98% used [0x00000000edf00000,0x00000000ee0fa260,0x00000000ee100000)
  to   space 2048K, 0% used [0x00000000edd00000,0x00000000edd00000,0x00000000edf00000)
 ParOldGen       total 39936K, used 11851K [0x00000000c6a00000, 0x00000000c9100000, 0x00000000ece00000)
  object space 39936K, 29% used [0x00000000c6a00000,0x00000000c7592ce8,0x00000000c9100000)
 Metaspace       used 18200K, capacity 18388K, committed 18688K, reserved 1064960K
  class space    used 2214K, capacity 2286K, committed 2304K, reserved 1048576K
Event: 11.690 GC heap after
Heap after GC invocations=3 (full 0):
 PSYoungGen      total 17408K, used 2024K [0x00000000ece00000, 0x00000000ee100000, 0x0000000100000000)
  eden space 15360K, 0% used [0x00000000ece00000,0x00000000ece00000,0x00000000edd00000)
  from space 2048K, 98% used [0x00000000edd00000,0x00000000edefa260,0x00000000edf00000)
  to   space 2048K, 0% used [0x00000000edf00000,0x00000000edf00000,0x00000000ee100000)
 ParOldGen       total 39936K, used 11891K [0x00000000c6a00000, 0x00000000c9100000, 0x00000000ece00000)
  object space 39936K, 29% used [0x00000000c6a00000,0x00000000c759cce8,0x00000000c9100000)
 Metaspace       used 18200K, capacity 18388K, committed 18688K, reserved 1064960K
  class space    used 2214K, capacity 2286K, committed 2304K, reserved 1048576K
}
Event: 11.829 GC heap before
{Heap before GC invocations=4 (full 0):
 PSYoungGen      total 17408K, used 17384K [0x00000000ece00000, 0x00000000ee100000, 0x0000000100000000)
  eden space 15360K, 100% used [0x00000000ece00000,0x00000000edd00000,0x00000000edd00000)
  from space 2048K, 98% used [0x00000000edd00000,0x00000000edefa260,0x00000000edf00000)
  to   space 2048K, 0% used [0x00000000edf00000,0x00000000edf00000,0x00000000ee100000)
 ParOldGen       total 39936K, used 11891K [0x00000000c6a00000, 0x00000000c9100000, 0x00000000ece00000)
  object space 39936K, 29% used [0x00000000c6a00000,0x00000000c759cce8,0x00000000c9100000)
 Metaspace       used 18205K, capacity 18388K, committed 18688K, reserved 1064960K
  class space    used 2214K, capacity 2286K, committed 2304K, reserved 1048576K
Event: 11.833 GC heap after
Heap after GC invocations=4 (full 0):
 PSYoungGen      total 17408K, used 2024K [0x00000000ece00000, 0x00000000ef000000, 0x0000000100000000)
  eden space 15360K, 0% used [0x00000000ece00000,0x00000000ece00000,0x00000000edd00000)
  from space 2048K, 98% used [0x00000000edf00000,0x00000000ee0fa260,0x00000000ee100000)
  to   space 2048K, 0% used [0x00000000edd00000,0x00000000edd00000,0x00000000edf00000)
 ParOldGen       total 39936K, used 11908K [0x00000000c6a00000, 0x00000000c9100000, 0x00000000ece00000)
  object space 39936K, 29% used [0x00000000c6a00000,0x00000000c75a10f8,0x00000000c9100000)
 Metaspace       used 18205K, capacity 18388K, committed 18688K, reserved 1064960K
  class space    used 2214K, capacity 2286K, committed 2304K, reserved 1048576K
}

