# JRE version: Java(TM) SE Runtime Environment (8.0_111-b14) (build 1.8.0_111-b14)
# Java VM: Java HotSpot(TM) 64-Bit Server VM (25.111-b14 mixed mode windows-amd64 compressed oops)
Heap:
 PSYoungGen      total 206848K, used 138225K [0x00000000ece00000, 0x00000000fa300000, 0x0000000100000000)
  eden space 196096K, 70% used [0x00000000ece00000,0x00000000f54d46b8,0x00000000f8d80000)
  from space 10752K, 1% used [0x00000000f8d80000,0x00000000f8da8000,0x00000000f9800000)
  to   space 10240K, 0% used [0x00000000f9800000,0x00000000f9800000,0x00000000fa200000)
 ParOldGen       total 39936K, used 19148K [0x00000000c6a00000, 0x00000000c9100000, 0x00000000ece00000)
  object space 39936K, 47% used [0x00000000c6a00000,0x00000000c7cb32b8,0x00000000c9100000)
 Metaspace       used 20667K, capacity 20826K, committed 21120K, reserved 1067008K
  class space    used 2621K, capacity 2681K, committed 2688K, reserved 1048576K
GC Heap History (10 events):
Event: 12.115 GC heap before
{Heap before GC invocations=7 (full 0):
 PSYoungGen      total 70656K, used 63486K [0x00000000ece00000, 0x00000000f1d00000, 0x0000000100000000)
  eden space 61440K, 100% used [0x00000000ece00000,0x00000000f0a00000,0x00000000f0a00000)
  from space 9216K, 22% used [0x00000000f1400000,0x00000000f15ff8f0,0x00000000f1d00000)
  to   space 9728K, 0% used [0x00000000f0a00000,0x00000000f0a00000,0x00000000f1380000)
 ParOldGen       total 39936K, used 11231K [0x00000000c6a00000, 0x00000000c9100000, 0x00000000ece00000)
  object space 39936K, 28% used [0x00000000c6a00000,0x00000000c74f7d80,0x00000000c9100000)
 Metaspace       used 18260K, capacity 18436K, committed 18688K, reserved 1064960K
  class space    used 2218K, capacity 2286K, committed 2304K, reserved 1048576K
Event: 12.119 GC heap after
Heap after GC invocations=7 (full 0):
 PSYoungGen      total 71168K, used 302K [0x00000000ece00000, 0x00000000f5900000, 0x0000000100000000)
  eden space 61440K, 0% used [0x00000000ece00000,0x00000000ece00000,0x00000000f0a00000)
  from space 9728K, 3% used [0x00000000f0a00000,0x00000000f0a4b8a0,0x00000000f1380000)
  to   space 9728K, 0% used [0x00000000f4f80000,0x00000000f4f80000,0x00000000f5900000)
 ParOldGen       total 39936K, used 13043K [0x00000000c6a00000, 0x00000000c9100000, 0x00000000ece00000)
  object space 39936K, 32% used [0x00000000c6a00000,0x00000000c76bcca8,0x00000000c9100000)
 Metaspace       used 18260K, capacity 18436K, committed 18688K, reserved 1064960K
  class space    used 2218K, capacity 2286K, committed 2304K, reserved 1048576K
}
Event: 12.401 GC heap before
{Heap before GC invocations=8 (full 0):
 PSYoungGen      total 71168K, used 61742K [0x00000000ece00000, 0x00000000f5900000, 0x0000000100000000)
  eden space 61440K, 100% used [0x00000000ece00000,0x00000000f0a00000,0x00000000f0a00000)
  from space 9728K, 3% used [0x00000000f0a00000,0x00000000f0a4b8a0,0x00000000f1380000)
  to   space 9728K, 0% used [0x00000000f4f80000,0x00000000f4f80000,0x00000000f5900000)
 ParOldGen       total 39936K, used 13043K [0x00000000c6a00000, 0x00000000c9100000, 0x00000000ece00000)
  object space 39936K, 32% used [0x00000000c6a00000,0x00000000c76bcca8,0x00000000c9100000)
 Metaspace       used 18261K, capacity 18500K, committed 18688K, reserved 1064960K
  class space    used 2218K, capacity 2286K, committed 2304K, reserved 1048576K
Event: 12.401 GC heap after
Heap after GC invocations=8 (full 0):
 PSYoungGen      total 132608K, used 238K [0x00000000ece00000, 0x00000000f5900000, 0x0000000100000000)
  eden space 122880K, 0% used [0x00000000ece00000,0x00000000ece00000,0x00000000f4600000)
  from space 9728K, 2% used [0x00000000f4f80000,0x00000000f4fbb8a0,0x00000000f5900000)
  to   space 9728K, 0% used [0x00000000f4600000,0x00000000f4600000,0x00000000f4f80000)
 ParOldGen       total 39936K, used 13067K [0x00000000c6a00000, 0x00000000c9100000, 0x00000000ece00000)
  object space 39936K, 32% used [0x00000000c6a00000,0x00000000c76c2ca8,0x00000000c9100000)
 Metaspace       used 18261K, capacity 18500K, committed 18688K, reserved 1064960K
  class space    used 2218K, capacity 2286K, committed 2304K, reserved 1048576K
}
Event: 13.320 GC heap before
{Heap before GC invocations=9 (full 0):
 PSYoungGen      total 132608K, used 123118K [0x00000000ece00000, 0x00000000f5900000, 0x0000000100000000)
  eden space 122880K, 100% used [0x00000000ece00000,0x00000000f4600000,0x00000000f4600000)
  from space 9728K, 2% used [0x00000000f4f80000,0x00000000f4fbb8a0,0x00000000f5900000)
  to   space 9728K, 0% used [0x00000000f4600000,0x00000000f4600000,0x00000000f4f80000)
 ParOldGen       total 39936K, used 13067K [0x00000000c6a00000, 0x00000000c9100000, 0x00000000ece00000)
  object space 39936K, 32% used [0x00000000c6a00000,0x00000000c76c2ca8,0x00000000c9100000)
 Metaspace       used 19022K, capacity 19226K, committed 19584K, reserved 1067008K
  class space    used 2359K, capacity 2425K, committed 2432K, reserved 1048576K
Event: 13.325 GC heap after
Heap after GC invocations=9 (full 0):
 PSYoungGen      total 132608K, used 6134K [0x00000000ece00000, 0x00000000fa200000, 0x0000000100000000)
  eden space 122880K, 0% used [0x00000000ece00000,0x00000000ece00000,0x00000000f4600000)
  from space 9728K, 63% used [0x00000000f4600000,0x00000000f4bfdbb0,0x00000000f4f80000)
  to   space 10240K, 0% used [0x00000000f9800000,0x00000000f9800000,0x00000000fa200000)
 ParOldGen       total 39936K, used 13169K [0x00000000c6a00000, 0x00000000c9100000, 0x00000000ece00000)
  object space 39936K, 32% used [0x00000000c6a00000,0x00000000c76dc548,0x00000000c9100000)
 Metaspace       used 19022K, capacity 19226K, committed 19584K, reserved 1067008K
  class space    used 2359K, capacity 2425K, committed 2432K, reserved 1048576K
}
Event: 13.986 GC heap before
{Heap before GC invocations=10 (full 0):
 PSYoungGen      total 132608K, used 129014K [0x00000000ece00000, 0x00000000fa200000, 0x0000000100000000)
  eden space 122880K, 100% used [0x00000000ece00000,0x00000000f4600000,0x00000000f4600000)
  from space 9728K, 63% used [0x00000000f4600000,0x00000000f4bfdbb0,0x00000000f4f80000)
  to   space 10240K, 0% used [0x00000000f9800000,0x00000000f9800000,0x00000000fa200000)
 ParOldGen       total 39936K, used 13169K [0x00000000c6a00000, 0x00000000c9100000, 0x00000000ece00000)
  object space 39936K, 32% used [0x00000000c6a00000,0x00000000c76dc548,0x00000000c9100000)
 Metaspace       used 19050K, capacity 19226K, committed 19584K, reserved 1067008K
  class space    used 2359K, capacity 2425K, committed 2432K, reserved 1048576K
Event: 13.989 GC heap after
Heap after GC invocations=10 (full 0):
 PSYoungGen      total 206336K, used 6070K [0x00000000ece00000, 0x00000000fa300000, 0x0000000100000000)
  eden space 196096K, 0% used [0x00000000ece00000,0x00000000ece00000,0x00000000f8d80000)
  from space 10240K, 59% used [0x00000000f9800000,0x00000000f9dedb90,0x00000000fa200000)
  to   space 10752K, 0% used [0x00000000f8d80000,0x00000000f8d80000,0x00000000f9800000)
 ParOldGen       total 39936K, used 13193K [0x00000000c6a00000, 0x00000000c9100000, 0x00000000ece00000)
  object space 39936K, 33% used [0x00000000c6a00000,0x00000000c76e2548,0x00000000c9100000)
 Metaspace       used 19050K, capacity 19226K, committed 19584K, reserved 1067008K
  class space    used 2359K, capacity 2425K, committed 2432K, reserved 1048576K
}
Event: 15.430 GC heap before
{Heap before GC invocations=11 (full 0):
 PSYoungGen      total 206336K, used 202166K [0x00000000ece00000, 0x00000000fa300000, 0x0000000100000000)
  eden space 196096K, 100% used [0x00000000ece00000,0x00000000f8d80000,0x00000000f8d80000)
  from space 10240K, 59% used [0x00000000f9800000,0x00000000f9dedb90,0x00000000fa200000)
  to   space 10752K, 0% used [0x00000000f8d80000,0x00000000f8d80000,0x00000000f9800000)
 ParOldGen       total 39936K, used 13193K [0x00000000c6a00000, 0x00000000c9100000, 0x00000000ece00000)
  object space 39936K, 33% used [0x00000000c6a00000,0x00000000c76e2548,0x00000000c9100000)
 Metaspace       used 19223K, capacity 19386K, committed 19712K, reserved 1067008K
  class space    used 2374K, capacity 2457K, committed 2560K, reserved 1048576K
Event: 15.435 GC heap after
Heap after GC invocations=11 (full 0):
 PSYoungGen      total 206848K, used 160K [0x00000000ece00000, 0x00000000fa300000, 0x0000000100000000)
  eden space 196096K, 0% used [0x00000000ece00000,0x00000000ece00000,0x00000000f8d80000)
  from space 10752K, 1% used [0x00000000f8d80000,0x00000000f8da8000,0x00000000f9800000)
  to   space 10240K, 0% used [0x00000000f9800000,0x00000000f9800000,0x00000000fa200000)
 ParOldGen       total 39936K, used 19148K [0x00000000c6a00000, 0x00000000c9100000, 0x00000000ece00000)
  object space 39936K, 47% used [0x00000000c6a00000,0x00000000c7cb32b8,0x00000000c9100000)
 Metaspace       used 19223K, capacity 19386K, committed 19712K, reserved 1067008K
  class space    used 2374K, capacity 2457K, committed 2560K, reserved 1048576K
}

